-----Starting verifyLoginWithInvalidCredentials test-----
-----Starting verifyLoginWithInvalidCredentials test-----
-----Ending verifyLoginWithInvalidCredentials test-----
-----Starting verifyLoginWithInvalidCredentials test-----
Clicked on Sign in and Object is :[[ChromeDriver: chrome on XP (2b9f3d5a6b1ea0c07e668a259fb0b93d)] -> link text: Sign in]
Entered email address object is :[[ChromeDriver: chrome on XP (2b9f3d5a6b1ea0c07e668a259fb0b93d)] -> id: email]
Entered Password[[ChromeDriver: chrome on XP (2b9f3d5a6b1ea0c07e668a259fb0b93d)] -> id: passwd]
Error message is :Authentication failed. and object is : [[ChromeDriver: chrome on XP (2b9f3d5a6b1ea0c07e668a259fb0b93d)] -> xpath: .//*[@id='center_column']/div[1]/ol/li]
-----Ending verifyLoginWithInvalidCredentials test-----
-----Starting verifyLoginWithInvalidCredentials test-----
Clicked on Sign in and Object is :[[ChromeDriver: chrome on XP (785a4a8240e0573494aa1aac8cc3a57e)] -> link text: Sign in]
Entered email address :tuomation@gmail.com object is :[[ChromeDriver: chrome on XP (785a4a8240e0573494aa1aac8cc3a57e)] -> id: email]
Entered Password :passwordand object is :[[ChromeDriver: chrome on XP (785a4a8240e0573494aa1aac8cc3a57e)] -> id: passwd]
Clicked on submit button and object is : [[ChromeDriver: chrome on XP (785a4a8240e0573494aa1aac8cc3a57e)] -> id: SubmitLogin]
Error message is :Authentication failed. and object is : [[ChromeDriver: chrome on XP (785a4a8240e0573494aa1aac8cc3a57e)] -> xpath: .//*[@id='center_column']/div[1]/ol/li]
-----Ending verifyLoginWithInvalidCredentials test-----
-----Starting verifyLoginWithInvalidCredentials test-----
Clicked on Sign in and Object is :[[ChromeDriver: chrome on XP (be633ecc2489af58c74ab904854bbef5)] -> link text: Sign in]
Entered email address :tuomation@gmail.com object is :[[ChromeDriver: chrome on XP (be633ecc2489af58c74ab904854bbef5)] -> id: email]
Entered Password :passwordand object is :[[ChromeDriver: chrome on XP (be633ecc2489af58c74ab904854bbef5)] -> id: passwd]
Clicked on submit button and object is : [[ChromeDriver: chrome on XP (be633ecc2489af58c74ab904854bbef5)] -> id: SubmitLogin]
Error message is :Authentication failed. and object is : [[ChromeDriver: chrome on XP (be633ecc2489af58c74ab904854bbef5)] -> xpath: .//*[@id='center_column']/div[1]/ol/li]
-----Ending verifyLoginWithInvalidCredentials test-----
-----Starting verifyLoginWithInvalidCredentials test-----
Clicked on Sign in and Object is :[[ChromeDriver: chrome on XP (649dea0836ba09164a0307e52b8517ba)] -> link text: Sign in]
Entered email address :tuomation@gmail.com object is :[[ChromeDriver: chrome on XP (649dea0836ba09164a0307e52b8517ba)] -> id: email]
Entered Password :passwordand object is :[[ChromeDriver: chrome on XP (649dea0836ba09164a0307e52b8517ba)] -> id: passwd]
Clicked on submit button and object is : [[ChromeDriver: chrome on XP (649dea0836ba09164a0307e52b8517ba)] -> id: SubmitLogin]
Error message is :Authentication failed. and object is : [[ChromeDriver: chrome on XP (649dea0836ba09164a0307e52b8517ba)] -> xpath: .//*[@id='center_column']/div[1]/ol/li]
-----Ending verifyLoginWithInvalidCredentials test-----
-----Starting verifyLoginWithInvalidCredentials test-----
Clicked on Sign in and Object is :[[ChromeDriver: chrome on XP (43a559104975985bb4f05070d1aff0ea)] -> link text: Sign in]
Entered email address :tuomation@gmail.com object is :[[ChromeDriver: chrome on XP (43a559104975985bb4f05070d1aff0ea)] -> id: email]
Entered Password :passwordand object is :[[ChromeDriver: chrome on XP (43a559104975985bb4f05070d1aff0ea)] -> id: passwd]
Clicked on submit button and object is : [[ChromeDriver: chrome on XP (43a559104975985bb4f05070d1aff0ea)] -> id: SubmitLogin]
Error message is :Authentication failed. and object is : [[ChromeDriver: chrome on XP (43a559104975985bb4f05070d1aff0ea)] -> xpath: .//*[@id='center_column']/div[1]/ol/li]
-----Ending verifyLoginWithInvalidCredentials test-----
-----Starting verifyLoginWithInvalidCredentials test-----
Clicked on Sign in and Object is :[[ChromeDriver: chrome on XP (074462f9db86f78a4a0310deaf64dea1)] -> link text: Sign in]
Entered email address :tuomation@gmail.com object is :[[ChromeDriver: chrome on XP (074462f9db86f78a4a0310deaf64dea1)] -> id: email]
Entered Password :passwordand object is :[[ChromeDriver: chrome on XP (074462f9db86f78a4a0310deaf64dea1)] -> id: passwd]
Clicked on submit button and object is : [[ChromeDriver: chrome on XP (074462f9db86f78a4a0310deaf64dea1)] -> id: SubmitLogin]
Error message is :Authentication failed. and object is : [[ChromeDriver: chrome on XP (074462f9db86f78a4a0310deaf64dea1)] -> xpath: .//*[@id='center_column']/div[1]/ol/li]
-----Ending verifyLoginWithInvalidCredentials test-----
-----Starting verifyLoginWithInvalidCredentials test-----
Clicked on Sign in and Object is :[[ChromeDriver: chrome on XP (752d73229a315b7ab394195c9d9aecd5)] -> link text: Sign in]
Entered email address :tuomation@gmail.com object is :[[ChromeDriver: chrome on XP (752d73229a315b7ab394195c9d9aecd5)] -> id: email]
Entered Password :passwordand object is :[[ChromeDriver: chrome on XP (752d73229a315b7ab394195c9d9aecd5)] -> id: passwd]
Clicked on submit button and object is : [[ChromeDriver: chrome on XP (752d73229a315b7ab394195c9d9aecd5)] -> id: SubmitLogin]
Error message is :Authentication failed. and object is : [[ChromeDriver: chrome on XP (752d73229a315b7ab394195c9d9aecd5)] -> xpath: .//*[@id='center_column']/div[1]/ol/li]
-----Ending verifyLoginWithInvalidCredentials test-----
-----Starting verifyLoginWithInvalidCredentials test-----
Clicked on Sign in and Object is :[[ChromeDriver: chrome on XP (9a88e9c0366af5d4030660f056e3e057)] -> link text: Sign in]
Entered email address :tuomation@gmail.com object is :[[ChromeDriver: chrome on XP (9a88e9c0366af5d4030660f056e3e057)] -> id: email]
Entered Password :passwordand object is :[[ChromeDriver: chrome on XP (9a88e9c0366af5d4030660f056e3e057)] -> id: passwd]
Clicked on submit button and object is : [[ChromeDriver: chrome on XP (9a88e9c0366af5d4030660f056e3e057)] -> id: SubmitLogin]
Error message is :Authentication failed. and object is : [[ChromeDriver: chrome on XP (9a88e9c0366af5d4030660f056e3e057)] -> xpath: .//*[@id='center_column']/div[1]/ol/li]
-----Ending verifyLoginWithInvalidCredentials test-----
-----Starting verifyLoginWithInvalidCredentials test-----
Clicked on Sign in and Object is :[[ChromeDriver: chrome on XP (ce281649ef8a9a4aceb80ec782be56de)] -> link text: Sign in]
Entered email address :tuomation@gmail.com object is :[[ChromeDriver: chrome on XP (ce281649ef8a9a4aceb80ec782be56de)] -> id: email]
Entered Password :passwordand object is :[[ChromeDriver: chrome on XP (ce281649ef8a9a4aceb80ec782be56de)] -> id: passwd]
Clicked on submit button and object is : [[ChromeDriver: chrome on XP (ce281649ef8a9a4aceb80ec782be56de)] -> id: SubmitLogin]
Error message is :Authentication failed. and object is : [[ChromeDriver: chrome on XP (ce281649ef8a9a4aceb80ec782be56de)] -> xpath: .//*[@id='center_column']/div[1]/ol/li]
-----Ending verifyLoginWithInvalidCredentials test-----
-----Starting verifyLoginWithInvalidCredentials test-----
Clicked on Sign in and Object is :[[ChromeDriver: chrome on XP (e8eef099d128f7ad07ecfca3ce003c58)] -> link text: Sign in]
Entered email address :tuomation@gmail.com object is :[[ChromeDriver: chrome on XP (e8eef099d128f7ad07ecfca3ce003c58)] -> id: email]
Entered Password :passwordand object is :[[ChromeDriver: chrome on XP (e8eef099d128f7ad07ecfca3ce003c58)] -> id: passwd]
Clicked on submit button and object is : [[ChromeDriver: chrome on XP (e8eef099d128f7ad07ecfca3ce003c58)] -> id: SubmitLogin]
Error message is :Authentication failed. and object is : [[ChromeDriver: chrome on XP (e8eef099d128f7ad07ecfca3ce003c58)] -> xpath: .//*[@id='center_column']/div[1]/ol/li]
-----Ending verifyLoginWithInvalidCredentials test-----
-----Starting verifyLoginWithInvalidCredentials test-----
Clicked on Sign in and Object is :[[ChromeDriver: chrome on XP (da6a83465882625bec5f8c47c39157f2)] -> link text: Sign in]
Entered email address :tuomation@gmail.com object is :[[ChromeDriver: chrome on XP (da6a83465882625bec5f8c47c39157f2)] -> id: email]
Entered Password :passwordand object is :[[ChromeDriver: chrome on XP (da6a83465882625bec5f8c47c39157f2)] -> id: passwd]
Clicked on submit button and object is : [[ChromeDriver: chrome on XP (da6a83465882625bec5f8c47c39157f2)] -> id: SubmitLogin]
Error message is :Authentication failed. and object is : [[ChromeDriver: chrome on XP (da6a83465882625bec5f8c47c39157f2)] -> xpath: .//*[@id='center_column']/div[1]/ol/li]
-----Ending verifyLoginWithInvalidCredentials test-----
-----Starting verifyLoginWithInvalidCredentials test-----
Clicked on Sign in and Object is :[[ChromeDriver: chrome on XP (8140e0bdeb9739f5e6cf262f8c9c828f)] -> link text: Sign in]
Entered email address :tuomation@gmail.com object is :[[ChromeDriver: chrome on XP (8140e0bdeb9739f5e6cf262f8c9c828f)] -> id: email]
Entered Password :passwordand object is :[[ChromeDriver: chrome on XP (8140e0bdeb9739f5e6cf262f8c9c828f)] -> id: passwd]
Clicked on submit button and object is : [[ChromeDriver: chrome on XP (8140e0bdeb9739f5e6cf262f8c9c828f)] -> id: SubmitLogin]
Error message is :Authentication failed. and object is : [[ChromeDriver: chrome on XP (8140e0bdeb9739f5e6cf262f8c9c828f)] -> xpath: .//*[@id='center_column']/div[1]/ol/li]
-----Ending verifyLoginWithInvalidCredentials test-----
-----Starting verifyLoginWithInvalidCredentials test-----
Clicked on Sign in and Object is :[[ChromeDriver: chrome on XP (4db0cb7563751a91f6d2ce5fadbc0bfb)] -> link text: Sign in]
Entered email address :tuomation@gmail.com object is :[[ChromeDriver: chrome on XP (4db0cb7563751a91f6d2ce5fadbc0bfb)] -> id: email]
Entered Password :passwordand object is :[[ChromeDriver: chrome on XP (4db0cb7563751a91f6d2ce5fadbc0bfb)] -> id: passwd]
Clicked on submit button and object is : [[ChromeDriver: chrome on XP (4db0cb7563751a91f6d2ce5fadbc0bfb)] -> id: SubmitLogin]
Error message is :Authentication failed. and object is : [[ChromeDriver: chrome on XP (4db0cb7563751a91f6d2ce5fadbc0bfb)] -> xpath: .//*[@id='center_column']/div[1]/ol/li]
-----Ending verifyLoginWithInvalidCredentials test-----
-----Starting verifyLoginWithInvalidCredentials test-----
Clicked on Sign in and Object is :[[ChromeDriver: chrome on XP (8f3ed3d7b5d746530668f21c24ab3748)] -> link text: Sign in]
Entered email address :tuomation@gmail.com object is :[[ChromeDriver: chrome on XP (8f3ed3d7b5d746530668f21c24ab3748)] -> id: email]
Entered Password :passwordand object is :[[ChromeDriver: chrome on XP (8f3ed3d7b5d746530668f21c24ab3748)] -> id: passwd]
Clicked on submit button and object is : [[ChromeDriver: chrome on XP (8f3ed3d7b5d746530668f21c24ab3748)] -> id: SubmitLogin]
Error message is :Authentication failed. and object is : [[ChromeDriver: chrome on XP (8f3ed3d7b5d746530668f21c24ab3748)] -> xpath: .//*[@id='center_column']/div[1]/ol/li]
-----Ending verifyLoginWithInvalidCredentials test-----
-----Starting verifyLoginWithInvalidCredentials test-----
Clicked on Sign in and Object is :[[ChromeDriver: chrome on XP (ff1847f295ddc93fb32e75226db80be0)] -> link text: Sign in]
Entered email address :tuomation@gmail.com object is :[[ChromeDriver: chrome on XP (ff1847f295ddc93fb32e75226db80be0)] -> id: email]
Entered Password :passwordand object is :[[ChromeDriver: chrome on XP (ff1847f295ddc93fb32e75226db80be0)] -> id: passwd]
Clicked on submit button and object is : [[ChromeDriver: chrome on XP (ff1847f295ddc93fb32e75226db80be0)] -> id: SubmitLogin]
Error message is :Authentication failed. and object is : [[ChromeDriver: chrome on XP (ff1847f295ddc93fb32e75226db80be0)] -> xpath: .//*[@id='center_column']/div[1]/ol/li]
-----Ending verifyLoginWithInvalidCredentials test-----
-----Starting verifyLoginWithInvalidCredentials test-----
Clicked on Sign in and Object is :[[ChromeDriver: chrome on XP (3a8ec48d4d8cb0701a3b6349dba0ec17)] -> link text: Sign in]
Entered email address :tuomation@gmail.com object is :[[ChromeDriver: chrome on XP (3a8ec48d4d8cb0701a3b6349dba0ec17)] -> id: email]
Entered Password :passwordand object is :[[ChromeDriver: chrome on XP (3a8ec48d4d8cb0701a3b6349dba0ec17)] -> id: passwd]
Clicked on submit button and object is : [[ChromeDriver: chrome on XP (3a8ec48d4d8cb0701a3b6349dba0ec17)] -> id: SubmitLogin]
Error message is :Authentication failed. and object is : [[ChromeDriver: chrome on XP (3a8ec48d4d8cb0701a3b6349dba0ec17)] -> xpath: .//*[@id='center_column']/div[1]/ol/li]
-----Ending verifyLoginWithInvalidCredentials test-----
-----Starting verifyLoginWithInvalidCredentials test-----
Clicked on Sign in and Object is :[[ChromeDriver: chrome on XP (625d7277591f15b893287431bc69605c)] -> link text: Sign in]
Entered email address :tuomation@gmail.com object is :[[ChromeDriver: chrome on XP (625d7277591f15b893287431bc69605c)] -> id: email]
-----Starting verifyLoginWithInvalidCredentials test-----
Clicked on Sign in and Object is :[[ChromeDriver: chrome on XP (d558ec6dc6872c4ad1af40b58f6f8d79)] -> link text: Sign in]
Entered email address :tuomation@gmail.com object is :[[ChromeDriver: chrome on XP (d558ec6dc6872c4ad1af40b58f6f8d79)] -> id: email]
-----Starting verifyLoginWithInvalidCredentials test-----
Clicked on Sign in and Object is :[[ChromeDriver: chrome on XP (8bb020566d27eaeed36c323c85d7405b)] -> link text: Sign in]
Entered email address :tuomation@gmail.com object is :[[ChromeDriver: chrome on XP (8bb020566d27eaeed36c323c85d7405b)] -> id: email]
-----Starting verifyLoginWithInvalidCredentials test-----
Clicked on Sign in and Object is :[[ChromeDriver: chrome on XP (04051082f53e1771224b726418b4a87f)] -> link text: Sign in]
Entered email address :tuomation@gmail.com object is :[[ChromeDriver: chrome on XP (04051082f53e1771224b726418b4a87f)] -> id: email]
-----Starting verifyLoginWithInvalidCredentials test-----
Clicked on Sign in and Object is :[[ChromeDriver: chrome on XP (d5df0e2f443c2eb064947d96b7e6db6e)] -> link text: Sign in]
Entered email address :tuomation@gmail.com object is :[[ChromeDriver: chrome on XP (d5df0e2f443c2eb064947d96b7e6db6e)] -> id: email]
-----Starting verifyLoginWithInvalidCredentials test-----
Clicked on Sign in and Object is :[[ChromeDriver: chrome on XP (fb40d739e0075eea032eb98a857bc7d3)] -> link text: Sign in]
Entered email address :tuomation@gmail.com object is :[[ChromeDriver: chrome on XP (fb40d739e0075eea032eb98a857bc7d3)] -> id: email]
-----Starting verifyLoginWithInvalidCredentials test-----
Clicked on Sign in and Object is :[[ChromeDriver: chrome on XP (b57cd4dbc36b9ac4f48fd7768d80333e)] -> link text: Sign in]
Entered email address :tuomation@gmail.com object is :[[ChromeDriver: chrome on XP (b57cd4dbc36b9ac4f48fd7768d80333e)] -> id: email]
-----Starting verifyLoginWithInvalidCredentials test-----
Clicked on Sign in and Object is :[[ChromeDriver: chrome on XP (f16475fd8649bbc1bce0e78e78d7a517)] -> link text: Sign in]
Entered email address :tuomation@gmail.com object is :[[ChromeDriver: chrome on XP (f16475fd8649bbc1bce0e78e78d7a517)] -> id: email]
-----Starting verifyLoginWithInvalidCredentials test-----
-----Starting verifyLoginWithInvalidCredentials test-----
Clicked on Sign in and Object is :[[ChromeDriver: chrome on XP (8078112e87d985224ef9432002481adc)] -> link text: Sign in]
Entered email address :tuomation@gmail.com object is :[[ChromeDriver: chrome on XP (8078112e87d985224ef9432002481adc)] -> id: email]
-----Starting verifyLoginWithInvalidCredentials test-----
Clicked on Sign in and Object is :[[ChromeDriver: chrome on XP (6dce7804d51ce2db0df339babfcd4f23)] -> link text: Sign in]
Entered email address :tuomation@gmail.com object is :[[ChromeDriver: chrome on XP (6dce7804d51ce2db0df339babfcd4f23)] -> id: email]
-----Starting verifyLoginWithInvalidCredentials test-----
Clicked on Sign in and Object is :[[ChromeDriver: chrome on XP (d894bc629cc76dba94d5f25c87247e8b)] -> link text: Sign in]
Entered email address :tuomation@gmail.com object is :[[ChromeDriver: chrome on XP (d894bc629cc76dba94d5f25c87247e8b)] -> id: email]
-----Starting verifyLoginWithInvalidCredentials test-----
Clicked on Sign in and Object is :[[ChromeDriver: chrome on XP (78bab12d9287c8a72cfde65101344056)] -> link text: Sign in]
Entered email address :tuomation@gmail.com object is :[[ChromeDriver: chrome on XP (78bab12d9287c8a72cfde65101344056)] -> id: email]
-----Starting verifyLoginWithInvalidCredentials test-----
Clicked on Sign in and Object is :[[ChromeDriver: chrome on XP (dff000858acb2291948a4c448ff35a26)] -> link text: Sign in]
Entered email address :tuomation@gmail.com object is :[[ChromeDriver: chrome on XP (dff000858acb2291948a4c448ff35a26)] -> id: email]
-----Starting verifyLoginWithInvalidCredentials test-----
Clicked on Sign in and Object is :[[ChromeDriver: chrome on XP (d4dbd70b7aecf53b4ab2af1d2a79cced)] -> link text: Sign in]
Entered email address :tuomation@gmail.com object is :[[ChromeDriver: chrome on XP (d4dbd70b7aecf53b4ab2af1d2a79cced)] -> id: email]
